<?xml version="1.0" encoding="UTF-8"?>
<!-- Generated by org.testng.reporters.JUnitReportReporter -->
<testsuite skipped="0" hostname="DESKTOP-RB81OP1" name="test.TwoTest" tests="1" failures="0" timestamp="2021-07-06T17:33:32 IST" time="14.302" errors="0">
  <testcase name="testtwo" time="14.302" classname="test.TwoTest"/>
  <system-out/>
</testsuite> <!-- test.TwoTest -->
