<?xml version="1.0" encoding="UTF-8"?>
<!-- Generated by org.testng.reporters.JUnitReportReporter -->
<testsuite skipped="0" hostname="DESKTOP-RB81OP1" name="test.LoginTest" tests="1" failures="0" timestamp="2021-07-06T17:33:32 IST" time="13.459" errors="0">
  <testcase name="login" time="13.459" classname="test.LoginTest"/>
  <system-out/>
</testsuite> <!-- test.LoginTest -->
