<?xml version="1.0" encoding="UTF-8"?>
<!-- Generated by org.testng.reporters.JUnitReportReporter -->
<testsuite skipped="0" hostname="DESKTOP-RB81OP1" name="test.ThreeTest" tests="1" failures="0" timestamp="2021-07-06T17:33:32 IST" time="17.224" errors="0">
  <testcase name="testthree" time="17.224" classname="test.ThreeTest"/>
  <system-out/>
</testsuite> <!-- test.ThreeTest -->
